<?xml version="1.0" encoding="UTF-8"?>
<testsuite xmlns:xsi="http://www.w3.org/2001/XMLSchema-instance" xsi:noNamespaceSchemaLocation="https://maven.apache.org/surefire/maven-surefire-plugin/xsd/surefire-test-report.xsd" name="org.example.AppTest" time="0.017" tests="1" errors="0" skipped="0" failures="0">
  <properties>
    <property name="java.specification.version" value="16"/>
    <property name="sun.cpu.isalist" value="amd64"/>
    <property name="sun.jnu.encoding" value="Cp1252"/>
    <property name="java.class.path" value="D:\Kuliah\Semester 6\Big Data\UAS\uas-rill\target\test-classes;D:\Kuliah\Semester 6\Big Data\UAS\uas-rill\target\classes;C:\Users\muzak\.m2\repository\junit\junit\4.11\junit-4.11.jar;C:\Users\muzak\.m2\repository\org\hamcrest\hamcrest-core\1.3\hamcrest-core-1.3.jar;C:\Users\muzak\.m2\repository\org\apache\hadoop\hadoop-client\3.3.2\hadoop-client-3.3.2.jar;C:\Users\muzak\.m2\repository\org\apache\hadoop\hadoop-common\3.3.2\hadoop-common-3.3.2.jar;C:\Users\muzak\.m2\repository\org\apache\hadoop\thirdparty\hadoop-shaded-protobuf_3_7\1.1.1\hadoop-shaded-protobuf_3_7-1.1.1.jar;C:\Users\muzak\.m2\repository\org\apache\hadoop\thirdparty\hadoop-shaded-guava\1.1.1\hadoop-shaded-guava-1.1.1.jar;C:\Users\muzak\.m2\repository\com\google\guava\guava\27.0-jre\guava-27.0-jre.jar;C:\Users\muzak\.m2\repository\com\google\guava\failureaccess\1.0\failureaccess-1.0.jar;C:\Users\muzak\.m2\repository\com\google\guava\listenablefuture\9999.0-empty-to-avoid-conflict-with-guava\listenablefuture-9999.0-empty-to-avoid-conflict-with-guava.jar;C:\Users\muzak\.m2\repository\org\checkerframework\checker-qual\2.5.2\checker-qual-2.5.2.jar;C:\Users\muzak\.m2\repository\com\google\j2objc\j2objc-annotations\1.1\j2objc-annotations-1.1.jar;C:\Users\muzak\.m2\repository\org\codehaus\mojo\animal-sniffer-annotations\1.17\animal-sniffer-annotations-1.17.jar;C:\Users\muzak\.m2\repository\org\apache\commons\commons-math3\3.1.1\commons-math3-3.1.1.jar;C:\Users\muzak\.m2\repository\org\apache\httpcomponents\httpclient\4.5.13\httpclient-4.5.13.jar;C:\Users\muzak\.m2\repository\org\apache\httpcomponents\httpcore\4.4.13\httpcore-4.4.13.jar;C:\Users\muzak\.m2\repository\commons-collections\commons-collections\3.2.2\commons-collections-3.2.2.jar;C:\Users\muzak\.m2\repository\jakarta\activation\jakarta.activation-api\1.2.1\jakarta.activation-api-1.2.1.jar;C:\Users\muzak\.m2\repository\org\eclipse\jetty\jetty-servlet\9.4.43.v20210629\jetty-servlet-9.4.43.v20210629.jar;C:\Users\muzak\.m2\repository\org\eclipse\jetty\jetty-security\9.4.43.v20210629\jetty-security-9.4.43.v20210629.jar;C:\Users\muzak\.m2\repository\org\eclipse\jetty\jetty-util-ajax\9.4.43.v20210629\jetty-util-ajax-9.4.43.v20210629.jar;C:\Users\muzak\.m2\repository\org\eclipse\jetty\jetty-webapp\9.4.43.v20210629\jetty-webapp-9.4.43.v20210629.jar;C:\Users\muzak\.m2\repository\org\eclipse\jetty\jetty-xml\9.4.43.v20210629\jetty-xml-9.4.43.v20210629.jar;C:\Users\muzak\.m2\repository\javax\servlet\jsp\jsp-api\2.1\jsp-api-2.1.jar;C:\Users\muzak\.m2\repository\com\sun\jersey\jersey-servlet\1.19\jersey-servlet-1.19.jar;C:\Users\muzak\.m2\repository\commons-logging\commons-logging\1.1.3\commons-logging-1.1.3.jar;C:\Users\muzak\.m2\repository\log4j\log4j\1.2.17\log4j-1.2.17.jar;C:\Users\muzak\.m2\repository\commons-beanutils\commons-beanutils\1.9.4\commons-beanutils-1.9.4.jar;C:\Users\muzak\.m2\repository\org\apache\commons\commons-configuration2\2.1.1\commons-configuration2-2.1.1.jar;C:\Users\muzak\.m2\repository\org\apache\commons\commons-lang3\3.12.0\commons-lang3-3.12.0.jar;C:\Users\muzak\.m2\repository\org\apache\commons\commons-text\1.4\commons-text-1.4.jar;C:\Users\muzak\.m2\repository\com\google\re2j\re2j\1.1\re2j-1.1.jar;C:\Users\muzak\.m2\repository\com\google\code\gson\gson\2.8.9\gson-2.8.9.jar;C:\Users\muzak\.m2\repository\org\apache\hadoop\hadoop-auth\3.3.2\hadoop-auth-3.3.2.jar;C:\Users\muzak\.m2\repository\com\nimbusds\nimbus-jose-jwt\9.8.1\nimbus-jose-jwt-9.8.1.jar;C:\Users\muzak\.m2\repository\com\github\stephenc\jcip\jcip-annotations\1.0-1\jcip-annotations-1.0-1.jar;C:\Users\muzak\.m2\repository\net\minidev\json-smart\2.4.7\json-smart-2.4.7.jar;C:\Users\muzak\.m2\repository\net\minidev\accessors-smart\2.4.7\accessors-smart-2.4.7.jar;C:\Users\muzak\.m2\repository\org\ow2\asm\asm\9.1\asm-9.1.jar;C:\Users\muzak\.m2\repository\org\apache\curator\curator-framework\4.2.0\curator-framework-4.2.0.jar;C:\Users\muzak\.m2\repository\org\apache\kerby\kerb-simplekdc\1.0.1\kerb-simplekdc-1.0.1.jar;C:\Users\muzak\.m2\repository\org\apache\kerby\kerb-client\1.0.1\kerb-client-1.0.1.jar;C:\Users\muzak\.m2\repository\org\apache\kerby\kerby-config\1.0.1\kerby-config-1.0.1.jar;C:\Users\muzak\.m2\repository\org\apache\kerby\kerb-common\1.0.1\kerb-common-1.0.1.jar;C:\Users\muzak\.m2\repository\org\apache\kerby\kerb-crypto\1.0.1\kerb-crypto-1.0.1.jar;C:\Users\muzak\.m2\repository\org\apache\kerby\kerb-util\1.0.1\kerb-util-1.0.1.jar;C:\Users\muzak\.m2\repository\org\apache\kerby\token-provider\1.0.1\token-provider-1.0.1.jar;C:\Users\muzak\.m2\repository\org\apache\kerby\kerb-admin\1.0.1\kerb-admin-1.0.1.jar;C:\Users\muzak\.m2\repository\org\apache\kerby\kerb-server\1.0.1\kerb-server-1.0.1.jar;C:\Users\muzak\.m2\repository\org\apache\kerby\kerb-identity\1.0.1\kerb-identity-1.0.1.jar;C:\Users\muzak\.m2\repository\org\apache\kerby\kerby-xdr\1.0.1\kerby-xdr-1.0.1.jar;C:\Users\muzak\.m2\repository\org\apache\curator\curator-client\4.2.0\curator-client-4.2.0.jar;C:\Users\muzak\.m2\repository\org\apache\curator\curator-recipes\4.2.0\curator-recipes-4.2.0.jar;C:\Users\muzak\.m2\repository\com\google\code\findbugs\jsr305\3.0.2\jsr305-3.0.2.jar;C:\Users\muzak\.m2\repository\org\apache\commons\commons-compress\1.21\commons-compress-1.21.jar;C:\Users\muzak\.m2\repository\org\apache\kerby\kerb-core\1.0.1\kerb-core-1.0.1.jar;C:\Users\muzak\.m2\repository\org\apache\kerby\kerby-pkix\1.0.1\kerby-pkix-1.0.1.jar;C:\Users\muzak\.m2\repository\org\apache\kerby\kerby-asn1\1.0.1\kerby-asn1-1.0.1.jar;C:\Users\muzak\.m2\repository\org\apache\kerby\kerby-util\1.0.1\kerby-util-1.0.1.jar;C:\Users\muzak\.m2\repository\org\codehaus\woodstox\stax2-api\4.2.1\stax2-api-4.2.1.jar;C:\Users\muzak\.m2\repository\com\fasterxml\woodstox\woodstox-core\5.3.0\woodstox-core-5.3.0.jar;C:\Users\muzak\.m2\repository\dnsjava\dnsjava\2.1.7\dnsjava-2.1.7.jar;C:\Users\muzak\.m2\repository\org\xerial\snappy\snappy-java\1.1.8.2\snappy-java-1.1.8.2.jar;C:\Users\muzak\.m2\repository\org\apache\hadoop\hadoop-hdfs-client\3.3.2\hadoop-hdfs-client-3.3.2.jar;C:\Users\muzak\.m2\repository\com\squareup\okhttp\okhttp\2.7.5\okhttp-2.7.5.jar;C:\Users\muzak\.m2\repository\com\squareup\okio\okio\1.6.0\okio-1.6.0.jar;C:\Users\muzak\.m2\repository\com\fasterxml\jackson\core\jackson-annotations\2.13.0\jackson-annotations-2.13.0.jar;C:\Users\muzak\.m2\repository\org\apache\hadoop\hadoop-yarn-api\3.3.2\hadoop-yarn-api-3.3.2.jar;C:\Users\muzak\.m2\repository\javax\xml\bind\jaxb-api\2.2.11\jaxb-api-2.2.11.jar;C:\Users\muzak\.m2\repository\org\apache\hadoop\hadoop-yarn-client\3.3.2\hadoop-yarn-client-3.3.2.jar;C:\Users\muzak\.m2\repository\org\eclipse\jetty\websocket\websocket-client\9.4.43.v20210629\websocket-client-9.4.43.v20210629.jar;C:\Users\muzak\.m2\repository\org\eclipse\jetty\jetty-client\9.4.43.v20210629\jetty-client-9.4.43.v20210629.jar;C:\Users\muzak\.m2\repository\org\eclipse\jetty\jetty-http\9.4.43.v20210629\jetty-http-9.4.43.v20210629.jar;C:\Users\muzak\.m2\repository\org\eclipse\jetty\jetty-io\9.4.43.v20210629\jetty-io-9.4.43.v20210629.jar;C:\Users\muzak\.m2\repository\org\eclipse\jetty\websocket\websocket-common\9.4.43.v20210629\websocket-common-9.4.43.v20210629.jar;C:\Users\muzak\.m2\repository\org\eclipse\jetty\websocket\websocket-api\9.4.43.v20210629\websocket-api-9.4.43.v20210629.jar;C:\Users\muzak\.m2\repository\org\jline\jline\3.9.0\jline-3.9.0.jar;C:\Users\muzak\.m2\repository\org\apache\hadoop\hadoop-mapreduce-client-jobclient\3.3.2\hadoop-mapreduce-client-jobclient-3.3.2.jar;C:\Users\muzak\.m2\repository\org\apache\hadoop\hadoop-mapreduce-client-common\3.3.2\hadoop-mapreduce-client-common-3.3.2.jar;C:\Users\muzak\.m2\repository\org\apache\hadoop\hadoop-annotations\3.3.2\hadoop-annotations-3.3.2.jar;C:\Users\muzak\.m2\repository\org\apache\hadoop\hadoop-mapreduce-client-core\3.3.2\hadoop-mapreduce-client-core-3.3.2.jar;C:\Users\muzak\.m2\repository\org\apache\hadoop\hadoop-yarn-common\3.3.2\hadoop-yarn-common-3.3.2.jar;C:\Users\muzak\.m2\repository\javax\servlet\javax.servlet-api\3.1.0\javax.servlet-api-3.1.0.jar;C:\Users\muzak\.m2\repository\org\eclipse\jetty\jetty-util\9.4.43.v20210629\jetty-util-9.4.43.v20210629.jar;C:\Users\muzak\.m2\repository\com\sun\jersey\jersey-client\1.19\jersey-client-1.19.jar;C:\Users\muzak\.m2\repository\com\google\inject\guice\4.0\guice-4.0.jar;C:\Users\muzak\.m2\repository\javax\inject\javax.inject\1\javax.inject-1.jar;C:\Users\muzak\.m2\repository\aopalliance\aopalliance\1.0\aopalliance-1.0.jar;C:\Users\muzak\.m2\repository\com\sun\jersey\contribs\jersey-guice\1.19\jersey-guice-1.19.jar;C:\Users\muzak\.m2\repository\com\fasterxml\jackson\core\jackson-core\2.13.0\jackson-core-2.13.0.jar;C:\Users\muzak\.m2\repository\com\fasterxml\jackson\module\jackson-module-jaxb-annotations\2.13.0\jackson-module-jaxb-annotations-2.13.0.jar;C:\Users\muzak\.m2\repository\jakarta\xml\bind\jakarta.xml.bind-api\2.3.3\jakarta.xml.bind-api-2.3.3.jar;C:\Users\muzak\.m2\repository\com\fasterxml\jackson\jaxrs\jackson-jaxrs-json-provider\2.13.0\jackson-jaxrs-json-provider-2.13.0.jar;C:\Users\muzak\.m2\repository\com\fasterxml\jackson\jaxrs\jackson-jaxrs-base\2.13.0\jackson-jaxrs-base-2.13.0.jar;C:\Users\muzak\.m2\repository\com\fasterxml\jackson\core\jackson-databind\2.13.0\jackson-databind-2.13.0.jar;C:\Users\muzak\.m2\repository\com\google\protobuf\protobuf-java\2.5.0\protobuf-java-2.5.0.jar;C:\Users\muzak\.m2\repository\org\apache\avro\avro\1.7.7\avro-1.7.7.jar;C:\Users\muzak\.m2\repository\org\codehaus\jackson\jackson-core-asl\1.9.13\jackson-core-asl-1.9.13.jar;C:\Users\muzak\.m2\repository\com\thoughtworks\paranamer\paranamer\2.3\paranamer-2.3.jar;C:\Users\muzak\.m2\repository\javax\ws\rs\javax.ws.rs-api\2.1.1\javax.ws.rs-api-2.1.1.jar;C:\Users\muzak\.m2\repository\org\slf4j\slf4j-api\1.7.30\slf4j-api-1.7.30.jar;C:\Users\muzak\.m2\repository\org\slf4j\slf4j-log4j12\1.7.30\slf4j-log4j12-1.7.30.jar;C:\Users\muzak\.m2\repository\com\google\inject\extensions\guice-servlet\4.0\guice-servlet-4.0.jar;C:\Users\muzak\.m2\repository\io\netty\netty\3.10.6.Final\netty-3.10.6.Final.jar;C:\Users\muzak\.m2\repository\org\apache\hadoop\hadoop-core\1.2.1\hadoop-core-1.2.1.jar;C:\Users\muzak\.m2\repository\commons-cli\commons-cli\1.2\commons-cli-1.2.jar;C:\Users\muzak\.m2\repository\xmlenc\xmlenc\0.52\xmlenc-0.52.jar;C:\Users\muzak\.m2\repository\com\sun\jersey\jersey-core\1.8\jersey-core-1.8.jar;C:\Users\muzak\.m2\repository\com\sun\jersey\jersey-json\1.8\jersey-json-1.8.jar;C:\Users\muzak\.m2\repository\org\codehaus\jettison\jettison\1.1\jettison-1.1.jar;C:\Users\muzak\.m2\repository\stax\stax-api\1.0.1\stax-api-1.0.1.jar;C:\Users\muzak\.m2\repository\com\sun\xml\bind\jaxb-impl\2.2.3-1\jaxb-impl-2.2.3-1.jar;C:\Users\muzak\.m2\repository\org\codehaus\jackson\jackson-jaxrs\1.7.1\jackson-jaxrs-1.7.1.jar;C:\Users\muzak\.m2\repository\org\codehaus\jackson\jackson-xc\1.7.1\jackson-xc-1.7.1.jar;C:\Users\muzak\.m2\repository\com\sun\jersey\jersey-server\1.8\jersey-server-1.8.jar;C:\Users\muzak\.m2\repository\asm\asm\3.1\asm-3.1.jar;C:\Users\muzak\.m2\repository\commons-io\commons-io\2.1\commons-io-2.1.jar;C:\Users\muzak\.m2\repository\commons-httpclient\commons-httpclient\3.0.1\commons-httpclient-3.0.1.jar;C:\Users\muzak\.m2\repository\commons-codec\commons-codec\1.4\commons-codec-1.4.jar;C:\Users\muzak\.m2\repository\org\apache\commons\commons-math\2.1\commons-math-2.1.jar;C:\Users\muzak\.m2\repository\commons-configuration\commons-configuration\1.6\commons-configuration-1.6.jar;C:\Users\muzak\.m2\repository\commons-lang\commons-lang\2.4\commons-lang-2.4.jar;C:\Users\muzak\.m2\repository\commons-digester\commons-digester\1.8\commons-digester-1.8.jar;C:\Users\muzak\.m2\repository\commons-beanutils\commons-beanutils-core\1.8.0\commons-beanutils-core-1.8.0.jar;C:\Users\muzak\.m2\repository\commons-net\commons-net\1.4.1\commons-net-1.4.1.jar;C:\Users\muzak\.m2\repository\org\mortbay\jetty\jetty\6.1.26\jetty-6.1.26.jar;C:\Users\muzak\.m2\repository\org\mortbay\jetty\servlet-api\2.5-20081211\servlet-api-2.5-20081211.jar;C:\Users\muzak\.m2\repository\org\mortbay\jetty\jetty-util\6.1.26\jetty-util-6.1.26.jar;C:\Users\muzak\.m2\repository\tomcat\jasper-runtime\5.5.12\jasper-runtime-5.5.12.jar;C:\Users\muzak\.m2\repository\tomcat\jasper-compiler\5.5.12\jasper-compiler-5.5.12.jar;C:\Users\muzak\.m2\repository\org\mortbay\jetty\jsp-api-2.1\6.1.14\jsp-api-2.1-6.1.14.jar;C:\Users\muzak\.m2\repository\org\mortbay\jetty\servlet-api-2.5\6.1.14\servlet-api-2.5-6.1.14.jar;C:\Users\muzak\.m2\repository\org\mortbay\jetty\jsp-2.1\6.1.14\jsp-2.1-6.1.14.jar;C:\Users\muzak\.m2\repository\ant\ant\1.6.5\ant-1.6.5.jar;C:\Users\muzak\.m2\repository\commons-el\commons-el\1.0\commons-el-1.0.jar;C:\Users\muzak\.m2\repository\net\java\dev\jets3t\jets3t\0.6.1\jets3t-0.6.1.jar;C:\Users\muzak\.m2\repository\hsqldb\hsqldb\1.8.0.10\hsqldb-1.8.0.10.jar;C:\Users\muzak\.m2\repository\oro\oro\2.0.8\oro-2.0.8.jar;C:\Users\muzak\.m2\repository\org\eclipse\jdt\core\3.1.1\core-3.1.1.jar;C:\Users\muzak\.m2\repository\org\codehaus\jackson\jackson-mapper-asl\1.8.8\jackson-mapper-asl-1.8.8.jar;"/>
    <property name="java.vm.vendor" value="Oracle Corporation"/>
    <property name="sun.arch.data.model" value="64"/>
    <property name="user.variant" value=""/>
    <property name="java.vendor.url" value="https://java.oracle.com/"/>
    <property name="user.timezone" value="Asia/Jakarta"/>
    <property name="os.name" value="Windows 10"/>
    <property name="java.vm.specification.version" value="16"/>
    <property name="sun.java.launcher" value="SUN_STANDARD"/>
    <property name="user.country" value="ID"/>
    <property name="sun.boot.library.path" value="C:\Program Files\Java\jdk-16.0.2\bin"/>
    <property name="sun.java.command" value="C:\Users\muzak\AppData\Local\Temp\surefire4315600699041043253\surefirebooter13264057138860304672.jar C:\Users\muzak\AppData\Local\Temp\surefire4315600699041043253 2022-06-27T22-31-06_952-jvmRun1 surefire456771866457050993tmp surefire_015956801638362572891tmp"/>
    <property name="jdk.debug" value="release"/>
    <property name="surefire.test.class.path" value="D:\Kuliah\Semester 6\Big Data\UAS\uas-rill\target\test-classes;D:\Kuliah\Semester 6\Big Data\UAS\uas-rill\target\classes;C:\Users\muzak\.m2\repository\junit\junit\4.11\junit-4.11.jar;C:\Users\muzak\.m2\repository\org\hamcrest\hamcrest-core\1.3\hamcrest-core-1.3.jar;C:\Users\muzak\.m2\repository\org\apache\hadoop\hadoop-client\3.3.2\hadoop-client-3.3.2.jar;C:\Users\muzak\.m2\repository\org\apache\hadoop\hadoop-common\3.3.2\hadoop-common-3.3.2.jar;C:\Users\muzak\.m2\repository\org\apache\hadoop\thirdparty\hadoop-shaded-protobuf_3_7\1.1.1\hadoop-shaded-protobuf_3_7-1.1.1.jar;C:\Users\muzak\.m2\repository\org\apache\hadoop\thirdparty\hadoop-shaded-guava\1.1.1\hadoop-shaded-guava-1.1.1.jar;C:\Users\muzak\.m2\repository\com\google\guava\guava\27.0-jre\guava-27.0-jre.jar;C:\Users\muzak\.m2\repository\com\google\guava\failureaccess\1.0\failureaccess-1.0.jar;C:\Users\muzak\.m2\repository\com\google\guava\listenablefuture\9999.0-empty-to-avoid-conflict-with-guava\listenablefuture-9999.0-empty-to-avoid-conflict-with-guava.jar;C:\Users\muzak\.m2\repository\org\checkerframework\checker-qual\2.5.2\checker-qual-2.5.2.jar;C:\Users\muzak\.m2\repository\com\google\j2objc\j2objc-annotations\1.1\j2objc-annotations-1.1.jar;C:\Users\muzak\.m2\repository\org\codehaus\mojo\animal-sniffer-annotations\1.17\animal-sniffer-annotations-1.17.jar;C:\Users\muzak\.m2\repository\org\apache\commons\commons-math3\3.1.1\commons-math3-3.1.1.jar;C:\Users\muzak\.m2\repository\org\apache\httpcomponents\httpclient\4.5.13\httpclient-4.5.13.jar;C:\Users\muzak\.m2\repository\org\apache\httpcomponents\httpcore\4.4.13\httpcore-4.4.13.jar;C:\Users\muzak\.m2\repository\commons-collections\commons-collections\3.2.2\commons-collections-3.2.2.jar;C:\Users\muzak\.m2\repository\jakarta\activation\jakarta.activation-api\1.2.1\jakarta.activation-api-1.2.1.jar;C:\Users\muzak\.m2\repository\org\eclipse\jetty\jetty-servlet\9.4.43.v20210629\jetty-servlet-9.4.43.v20210629.jar;C:\Users\muzak\.m2\repository\org\eclipse\jetty\jetty-security\9.4.43.v20210629\jetty-security-9.4.43.v20210629.jar;C:\Users\muzak\.m2\repository\org\eclipse\jetty\jetty-util-ajax\9.4.43.v20210629\jetty-util-ajax-9.4.43.v20210629.jar;C:\Users\muzak\.m2\repository\org\eclipse\jetty\jetty-webapp\9.4.43.v20210629\jetty-webapp-9.4.43.v20210629.jar;C:\Users\muzak\.m2\repository\org\eclipse\jetty\jetty-xml\9.4.43.v20210629\jetty-xml-9.4.43.v20210629.jar;C:\Users\muzak\.m2\repository\javax\servlet\jsp\jsp-api\2.1\jsp-api-2.1.jar;C:\Users\muzak\.m2\repository\com\sun\jersey\jersey-servlet\1.19\jersey-servlet-1.19.jar;C:\Users\muzak\.m2\repository\commons-logging\commons-logging\1.1.3\commons-logging-1.1.3.jar;C:\Users\muzak\.m2\repository\log4j\log4j\1.2.17\log4j-1.2.17.jar;C:\Users\muzak\.m2\repository\commons-beanutils\commons-beanutils\1.9.4\commons-beanutils-1.9.4.jar;C:\Users\muzak\.m2\repository\org\apache\commons\commons-configuration2\2.1.1\commons-configuration2-2.1.1.jar;C:\Users\muzak\.m2\repository\org\apache\commons\commons-lang3\3.12.0\commons-lang3-3.12.0.jar;C:\Users\muzak\.m2\repository\org\apache\commons\commons-text\1.4\commons-text-1.4.jar;C:\Users\muzak\.m2\repository\com\google\re2j\re2j\1.1\re2j-1.1.jar;C:\Users\muzak\.m2\repository\com\google\code\gson\gson\2.8.9\gson-2.8.9.jar;C:\Users\muzak\.m2\repository\org\apache\hadoop\hadoop-auth\3.3.2\hadoop-auth-3.3.2.jar;C:\Users\muzak\.m2\repository\com\nimbusds\nimbus-jose-jwt\9.8.1\nimbus-jose-jwt-9.8.1.jar;C:\Users\muzak\.m2\repository\com\github\stephenc\jcip\jcip-annotations\1.0-1\jcip-annotations-1.0-1.jar;C:\Users\muzak\.m2\repository\net\minidev\json-smart\2.4.7\json-smart-2.4.7.jar;C:\Users\muzak\.m2\repository\net\minidev\accessors-smart\2.4.7\accessors-smart-2.4.7.jar;C:\Users\muzak\.m2\repository\org\ow2\asm\asm\9.1\asm-9.1.jar;C:\Users\muzak\.m2\repository\org\apache\curator\curator-framework\4.2.0\curator-framework-4.2.0.jar;C:\Users\muzak\.m2\repository\org\apache\kerby\kerb-simplekdc\1.0.1\kerb-simplekdc-1.0.1.jar;C:\Users\muzak\.m2\repository\org\apache\kerby\kerb-client\1.0.1\kerb-client-1.0.1.jar;C:\Users\muzak\.m2\repository\org\apache\kerby\kerby-config\1.0.1\kerby-config-1.0.1.jar;C:\Users\muzak\.m2\repository\org\apache\kerby\kerb-common\1.0.1\kerb-common-1.0.1.jar;C:\Users\muzak\.m2\repository\org\apache\kerby\kerb-crypto\1.0.1\kerb-crypto-1.0.1.jar;C:\Users\muzak\.m2\repository\org\apache\kerby\kerb-util\1.0.1\kerb-util-1.0.1.jar;C:\Users\muzak\.m2\repository\org\apache\kerby\token-provider\1.0.1\token-provider-1.0.1.jar;C:\Users\muzak\.m2\repository\org\apache\kerby\kerb-admin\1.0.1\kerb-admin-1.0.1.jar;C:\Users\muzak\.m2\repository\org\apache\kerby\kerb-server\1.0.1\kerb-server-1.0.1.jar;C:\Users\muzak\.m2\repository\org\apache\kerby\kerb-identity\1.0.1\kerb-identity-1.0.1.jar;C:\Users\muzak\.m2\repository\org\apache\kerby\kerby-xdr\1.0.1\kerby-xdr-1.0.1.jar;C:\Users\muzak\.m2\repository\org\apache\curator\curator-client\4.2.0\curator-client-4.2.0.jar;C:\Users\muzak\.m2\repository\org\apache\curator\curator-recipes\4.2.0\curator-recipes-4.2.0.jar;C:\Users\muzak\.m2\repository\com\google\code\findbugs\jsr305\3.0.2\jsr305-3.0.2.jar;C:\Users\muzak\.m2\repository\org\apache\commons\commons-compress\1.21\commons-compress-1.21.jar;C:\Users\muzak\.m2\repository\org\apache\kerby\kerb-core\1.0.1\kerb-core-1.0.1.jar;C:\Users\muzak\.m2\repository\org\apache\kerby\kerby-pkix\1.0.1\kerby-pkix-1.0.1.jar;C:\Users\muzak\.m2\repository\org\apache\kerby\kerby-asn1\1.0.1\kerby-asn1-1.0.1.jar;C:\Users\muzak\.m2\repository\org\apache\kerby\kerby-util\1.0.1\kerby-util-1.0.1.jar;C:\Users\muzak\.m2\repository\org\codehaus\woodstox\stax2-api\4.2.1\stax2-api-4.2.1.jar;C:\Users\muzak\.m2\repository\com\fasterxml\woodstox\woodstox-core\5.3.0\woodstox-core-5.3.0.jar;C:\Users\muzak\.m2\repository\dnsjava\dnsjava\2.1.7\dnsjava-2.1.7.jar;C:\Users\muzak\.m2\repository\org\xerial\snappy\snappy-java\1.1.8.2\snappy-java-1.1.8.2.jar;C:\Users\muzak\.m2\repository\org\apache\hadoop\hadoop-hdfs-client\3.3.2\hadoop-hdfs-client-3.3.2.jar;C:\Users\muzak\.m2\repository\com\squareup\okhttp\okhttp\2.7.5\okhttp-2.7.5.jar;C:\Users\muzak\.m2\repository\com\squareup\okio\okio\1.6.0\okio-1.6.0.jar;C:\Users\muzak\.m2\repository\com\fasterxml\jackson\core\jackson-annotations\2.13.0\jackson-annotations-2.13.0.jar;C:\Users\muzak\.m2\repository\org\apache\hadoop\hadoop-yarn-api\3.3.2\hadoop-yarn-api-3.3.2.jar;C:\Users\muzak\.m2\repository\javax\xml\bind\jaxb-api\2.2.11\jaxb-api-2.2.11.jar;C:\Users\muzak\.m2\repository\org\apache\hadoop\hadoop-yarn-client\3.3.2\hadoop-yarn-client-3.3.2.jar;C:\Users\muzak\.m2\repository\org\eclipse\jetty\websocket\websocket-client\9.4.43.v20210629\websocket-client-9.4.43.v20210629.jar;C:\Users\muzak\.m2\repository\org\eclipse\jetty\jetty-client\9.4.43.v20210629\jetty-client-9.4.43.v20210629.jar;C:\Users\muzak\.m2\repository\org\eclipse\jetty\jetty-http\9.4.43.v20210629\jetty-http-9.4.43.v20210629.jar;C:\Users\muzak\.m2\repository\org\eclipse\jetty\jetty-io\9.4.43.v20210629\jetty-io-9.4.43.v20210629.jar;C:\Users\muzak\.m2\repository\org\eclipse\jetty\websocket\websocket-common\9.4.43.v20210629\websocket-common-9.4.43.v20210629.jar;C:\Users\muzak\.m2\repository\org\eclipse\jetty\websocket\websocket-api\9.4.43.v20210629\websocket-api-9.4.43.v20210629.jar;C:\Users\muzak\.m2\repository\org\jline\jline\3.9.0\jline-3.9.0.jar;C:\Users\muzak\.m2\repository\org\apache\hadoop\hadoop-mapreduce-client-jobclient\3.3.2\hadoop-mapreduce-client-jobclient-3.3.2.jar;C:\Users\muzak\.m2\repository\org\apache\hadoop\hadoop-mapreduce-client-common\3.3.2\hadoop-mapreduce-client-common-3.3.2.jar;C:\Users\muzak\.m2\repository\org\apache\hadoop\hadoop-annotations\3.3.2\hadoop-annotations-3.3.2.jar;C:\Users\muzak\.m2\repository\org\apache\hadoop\hadoop-mapreduce-client-core\3.3.2\hadoop-mapreduce-client-core-3.3.2.jar;C:\Users\muzak\.m2\repository\org\apache\hadoop\hadoop-yarn-common\3.3.2\hadoop-yarn-common-3.3.2.jar;C:\Users\muzak\.m2\repository\javax\servlet\javax.servlet-api\3.1.0\javax.servlet-api-3.1.0.jar;C:\Users\muzak\.m2\repository\org\eclipse\jetty\jetty-util\9.4.43.v20210629\jetty-util-9.4.43.v20210629.jar;C:\Users\muzak\.m2\repository\com\sun\jersey\jersey-client\1.19\jersey-client-1.19.jar;C:\Users\muzak\.m2\repository\com\google\inject\guice\4.0\guice-4.0.jar;C:\Users\muzak\.m2\repository\javax\inject\javax.inject\1\javax.inject-1.jar;C:\Users\muzak\.m2\repository\aopalliance\aopalliance\1.0\aopalliance-1.0.jar;C:\Users\muzak\.m2\repository\com\sun\jersey\contribs\jersey-guice\1.19\jersey-guice-1.19.jar;C:\Users\muzak\.m2\repository\com\fasterxml\jackson\core\jackson-core\2.13.0\jackson-core-2.13.0.jar;C:\Users\muzak\.m2\repository\com\fasterxml\jackson\module\jackson-module-jaxb-annotations\2.13.0\jackson-module-jaxb-annotations-2.13.0.jar;C:\Users\muzak\.m2\repository\jakarta\xml\bind\jakarta.xml.bind-api\2.3.3\jakarta.xml.bind-api-2.3.3.jar;C:\Users\muzak\.m2\repository\com\fasterxml\jackson\jaxrs\jackson-jaxrs-json-provider\2.13.0\jackson-jaxrs-json-provider-2.13.0.jar;C:\Users\muzak\.m2\repository\com\fasterxml\jackson\jaxrs\jackson-jaxrs-base\2.13.0\jackson-jaxrs-base-2.13.0.jar;C:\Users\muzak\.m2\repository\com\fasterxml\jackson\core\jackson-databind\2.13.0\jackson-databind-2.13.0.jar;C:\Users\muzak\.m2\repository\com\google\protobuf\protobuf-java\2.5.0\protobuf-java-2.5.0.jar;C:\Users\muzak\.m2\repository\org\apache\avro\avro\1.7.7\avro-1.7.7.jar;C:\Users\muzak\.m2\repository\org\codehaus\jackson\jackson-core-asl\1.9.13\jackson-core-asl-1.9.13.jar;C:\Users\muzak\.m2\repository\com\thoughtworks\paranamer\paranamer\2.3\paranamer-2.3.jar;C:\Users\muzak\.m2\repository\javax\ws\rs\javax.ws.rs-api\2.1.1\javax.ws.rs-api-2.1.1.jar;C:\Users\muzak\.m2\repository\org\slf4j\slf4j-api\1.7.30\slf4j-api-1.7.30.jar;C:\Users\muzak\.m2\repository\org\slf4j\slf4j-log4j12\1.7.30\slf4j-log4j12-1.7.30.jar;C:\Users\muzak\.m2\repository\com\google\inject\extensions\guice-servlet\4.0\guice-servlet-4.0.jar;C:\Users\muzak\.m2\repository\io\netty\netty\3.10.6.Final\netty-3.10.6.Final.jar;C:\Users\muzak\.m2\repository\org\apache\hadoop\hadoop-core\1.2.1\hadoop-core-1.2.1.jar;C:\Users\muzak\.m2\repository\commons-cli\commons-cli\1.2\commons-cli-1.2.jar;C:\Users\muzak\.m2\repository\xmlenc\xmlenc\0.52\xmlenc-0.52.jar;C:\Users\muzak\.m2\repository\com\sun\jersey\jersey-core\1.8\jersey-core-1.8.jar;C:\Users\muzak\.m2\repository\com\sun\jersey\jersey-json\1.8\jersey-json-1.8.jar;C:\Users\muzak\.m2\repository\org\codehaus\jettison\jettison\1.1\jettison-1.1.jar;C:\Users\muzak\.m2\repository\stax\stax-api\1.0.1\stax-api-1.0.1.jar;C:\Users\muzak\.m2\repository\com\sun\xml\bind\jaxb-impl\2.2.3-1\jaxb-impl-2.2.3-1.jar;C:\Users\muzak\.m2\repository\org\codehaus\jackson\jackson-jaxrs\1.7.1\jackson-jaxrs-1.7.1.jar;C:\Users\muzak\.m2\repository\org\codehaus\jackson\jackson-xc\1.7.1\jackson-xc-1.7.1.jar;C:\Users\muzak\.m2\repository\com\sun\jersey\jersey-server\1.8\jersey-server-1.8.jar;C:\Users\muzak\.m2\repository\asm\asm\3.1\asm-3.1.jar;C:\Users\muzak\.m2\repository\commons-io\commons-io\2.1\commons-io-2.1.jar;C:\Users\muzak\.m2\repository\commons-httpclient\commons-httpclient\3.0.1\commons-httpclient-3.0.1.jar;C:\Users\muzak\.m2\repository\commons-codec\commons-codec\1.4\commons-codec-1.4.jar;C:\Users\muzak\.m2\repository\org\apache\commons\commons-math\2.1\commons-math-2.1.jar;C:\Users\muzak\.m2\repository\commons-configuration\commons-configuration\1.6\commons-configuration-1.6.jar;C:\Users\muzak\.m2\repository\commons-lang\commons-lang\2.4\commons-lang-2.4.jar;C:\Users\muzak\.m2\repository\commons-digester\commons-digester\1.8\commons-digester-1.8.jar;C:\Users\muzak\.m2\repository\commons-beanutils\commons-beanutils-core\1.8.0\commons-beanutils-core-1.8.0.jar;C:\Users\muzak\.m2\repository\commons-net\commons-net\1.4.1\commons-net-1.4.1.jar;C:\Users\muzak\.m2\repository\org\mortbay\jetty\jetty\6.1.26\jetty-6.1.26.jar;C:\Users\muzak\.m2\repository\org\mortbay\jetty\servlet-api\2.5-20081211\servlet-api-2.5-20081211.jar;C:\Users\muzak\.m2\repository\org\mortbay\jetty\jetty-util\6.1.26\jetty-util-6.1.26.jar;C:\Users\muzak\.m2\repository\tomcat\jasper-runtime\5.5.12\jasper-runtime-5.5.12.jar;C:\Users\muzak\.m2\repository\tomcat\jasper-compiler\5.5.12\jasper-compiler-5.5.12.jar;C:\Users\muzak\.m2\repository\org\mortbay\jetty\jsp-api-2.1\6.1.14\jsp-api-2.1-6.1.14.jar;C:\Users\muzak\.m2\repository\org\mortbay\jetty\servlet-api-2.5\6.1.14\servlet-api-2.5-6.1.14.jar;C:\Users\muzak\.m2\repository\org\mortbay\jetty\jsp-2.1\6.1.14\jsp-2.1-6.1.14.jar;C:\Users\muzak\.m2\repository\ant\ant\1.6.5\ant-1.6.5.jar;C:\Users\muzak\.m2\repository\commons-el\commons-el\1.0\commons-el-1.0.jar;C:\Users\muzak\.m2\repository\net\java\dev\jets3t\jets3t\0.6.1\jets3t-0.6.1.jar;C:\Users\muzak\.m2\repository\hsqldb\hsqldb\1.8.0.10\hsqldb-1.8.0.10.jar;C:\Users\muzak\.m2\repository\oro\oro\2.0.8\oro-2.0.8.jar;C:\Users\muzak\.m2\repository\org\eclipse\jdt\core\3.1.1\core-3.1.1.jar;C:\Users\muzak\.m2\repository\org\codehaus\jackson\jackson-mapper-asl\1.8.8\jackson-mapper-asl-1.8.8.jar;"/>
    <property name="sun.cpu.endian" value="little"/>
    <property name="user.home" value="C:\Users\muzak"/>
    <property name="user.language" value="en"/>
    <property name="java.specification.vendor" value="Oracle Corporation"/>
    <property name="java.version.date" value="2021-07-20"/>
    <property name="java.home" value="C:\Program Files\Java\jdk-16.0.2"/>
    <property name="file.separator" value="\"/>
    <property name="basedir" value="D:\Kuliah\Semester 6\Big Data\UAS\uas-rill"/>
    <property name="java.vm.compressedOopsMode" value="Zero based"/>
    <property name="line.separator" value="&#10;"/>
    <property name="java.vm.specification.vendor" value="Oracle Corporation"/>
    <property name="java.specification.name" value="Java Platform API Specification"/>
    <property name="surefire.real.class.path" value="C:\Users\muzak\AppData\Local\Temp\surefire4315600699041043253\surefirebooter13264057138860304672.jar"/>
    <property name="user.script" value=""/>
    <property name="sun.management.compiler" value="HotSpot 64-Bit Tiered Compilers"/>
    <property name="java.runtime.version" value="16.0.2+7-67"/>
    <property name="user.name" value="muzak"/>
    <property name="path.separator" value=";"/>
    <property name="os.version" value="10.0"/>
    <property name="java.runtime.name" value="Java(TM) SE Runtime Environment"/>
    <property name="file.encoding" value="Cp1252"/>
    <property name="java.vm.name" value="Java HotSpot(TM) 64-Bit Server VM"/>
    <property name="localRepository" value="C:\Users\muzak\.m2\repository"/>
    <property name="java.vendor.url.bug" value="https://bugreport.java.com/bugreport/"/>
    <property name="java.io.tmpdir" value="C:\Users\muzak\AppData\Local\Temp\"/>
    <property name="idea.version" value="2022.1"/>
    <property name="java.version" value="16.0.2"/>
    <property name="user.dir" value="D:\Kuliah\Semester 6\Big Data\UAS\uas-rill"/>
    <property name="os.arch" value="amd64"/>
    <property name="java.vm.specification.name" value="Java Virtual Machine Specification"/>
    <property name="sun.os.patch.level" value=""/>
    <property name="java.library.path" value="C:\Program Files\Java\jdk-16.0.2\bin;C:\WINDOWS\Sun\Java\bin;C:\WINDOWS\system32;C:\WINDOWS;C:\Python310\Scripts\;C:\Python310\;C:\Program Files\Common Files\Oracle\Java\javapath;C:\Program Files (x86)\Common Files\Intel\Shared Libraries\redist\intel64\compiler;C:\Windows\system32;C:\Windows;C:\Windows\System32\Wbem;C:\Windows\System32\WindowsPowerShell\v1.0\;C:\Windows\System32\OpenSSH\;C:\Program Files (x86)\NVIDIA Corporation\PhysX\Common;C:\Program Files\NVIDIA Corporation\NVIDIA NvDLISR;C:\Program Files\Git\cmd;C:\Program Files\Java\jdk-16.0.2;C:\Program Files\PuTTY\;C:\ProgramData\chocolatey\bin;C:\WINDOWS\system32;C:\WINDOWS;C:\WINDOWS\System32\Wbem;C:\WINDOWS\System32\WindowsPowerShell\v1.0\;C:\WINDOWS\System32\OpenSSH\;C:\xampp\php;C:\ProgramData\ComposerSetup\bin;C:\Program Files\nodejs\;C:\Program Files\gradle-7.3\bin;C:\Program Files\dotnet\;C:\Program Files\PowerShell\7\;C:\Program Files\Cloudflare\Cloudflare WARP\;C:\Users\muzak\AppData\Local\Programs\Python\Python39\Scripts\;C:\Users\muzak\AppData\Local\Programs\Python\Python39\;C:\Users\muzak\AppData\Local\Microsoft\WindowsApps;C:\Users\muzak\AppData\Local\Programs\Microsoft VS Code\bin;C:\Program Files\Git\bin\;C:\Program Files\Git\cmd\;C:\Users\muzak\AppData\Local\GitHubDesktop\bin;C:\src\flutter\bin;C:\Users\muzak\AppData\Roaming\Composer\vendor\bin;C:\Users\muzak\AppData\Roaming\npm;C:\Program Files\nodejs;C:\Users\muzak\AppData\Local\nvs\;C:\Users\muzak\mongosh-1.2.2-win32-x64\bin;C:\Program Files\MongoDB\Server\5.0\bin;C:\Program Files\MongoDB\Tools\100\bin;C:\Program Files\JetBrains\IntelliJ IDEA Community Edition 2022.1\bin;;C:\Program Files\ffmpeg\bin;C:\Users\muzak\ffmpeg\bin;C:\Program Files\heroku\bin;;."/>
    <property name="java.vm.info" value="mixed mode, sharing"/>
    <property name="java.vendor" value="Oracle Corporation"/>
    <property name="java.vm.version" value="16.0.2+7-67"/>
    <property name="sun.io.unicode.encoding" value="UnicodeLittle"/>
    <property name="java.class.version" value="60.0"/>
  </properties>
  <testcase name="shouldAnswerWithTrue" classname="org.example.AppTest" time="0"/>
</testsuite>